<?xml version="1.0" encoding="UTF-8"?>
<!-- Generated by org.testng.reporters.JUnitReportReporter -->
<testsuite hostname="DESKTOP-HB7U12M" failures="0" tests="4" name="testng.Product" time="21.666" errors="0" timestamp="2023-06-28T17:06:55 GST" skipped="0">
  <testcase classname="testng.Product" name="loginSite" time="5.037"/>
  <system-out/>
  <testcase classname="testng.Product" name="productUnitAdd" time="9.916"/>
  <system-out/>
  <testcase classname="testng.Product" name="productUnitEdit" time="4.208"/>
  <system-out/>
  <testcase classname="testng.Product" name="productUnitDelete" time="2.505"/>
  <system-out/>
</testsuite> <!-- testng.Product -->
