<?xml version="1.0" encoding="UTF-8"?>
<!-- Generated by org.testng.reporters.JUnitReportReporter -->
<testsuite hostname="DESKTOP-HB7U12M" failures="0" tests="4" name="testng.Brands" time="21.671" errors="0" timestamp="2023-06-28T17:21:12 GST" skipped="0">
  <testcase classname="testng.Brands" name="loginSite" time="4.291"/>
  <system-out/>
  <testcase classname="testng.Brands" name="brandsAdd" time="6.687"/>
  <system-out/>
  <testcase classname="testng.Brands" name="brandsEdit" time="5.966"/>
  <system-out/>
  <testcase classname="testng.Brands" name="brandsDelete" time="4.727"/>
  <system-out/>
</testsuite> <!-- testng.Brands -->
