<?xml version="1.0" encoding="UTF-8"?>
<!-- Generated by org.testng.reporters.JUnitReportReporter -->
<testsuite hostname="DESKTOP-HB7U12M" failures="0" tests="2" name="testng.LoginPage" time="14.339" errors="0" timestamp="2023-06-28T12:15:07 GST" skipped="0">
  <testcase classname="testng.LoginPage" name="loginSite" time="7.940"/>
  <system-out/>
  <testcase classname="testng.LoginPage" name="loginSite" time="6.399"/>
  <system-out/>
</testsuite> <!-- testng.LoginPage -->
