<?xml version="1.0" encoding="UTF-8"?>
<!-- Generated by org.testng.reporters.JUnitReportReporter -->
<testsuite hostname="DESKTOP-HB7U12M" failures="0" tests="4" name="testng.Categories" time="20.337" errors="0" timestamp="2023-06-28T17:22:16 GST" skipped="0">
  <testcase classname="testng.Categories" name="loginSite" time="4.919"/>
  <system-out/>
  <testcase classname="testng.Categories" name="categoriesAdd" time="6.706"/>
  <system-out/>
  <testcase classname="testng.Categories" name="categoriesEdit" time="3.556"/>
  <system-out/>
  <testcase classname="testng.Categories" name="categoriesDelete" time="5.156"/>
  <system-out/>
</testsuite> <!-- testng.Categories -->
